{"meta": {"format": 3, "version": "7.14.1", "timestamp": "2026-06-16T23:20:22.006553", "branch_coverage": false, "show_contexts": false}, "files": {"crawler.py": {"executed_lines": [1, 2, 3, 4, 5, 6, 7, 9, 13, 19, 20, 21, 22, 23, 24, 25, 26, 27, 28, 29, 30, 32, 37, 38, 39, 40, 41, 42, 43, 44, 45, 46, 47, 48, 50, 51, 53, 54, 55, 56, 57, 59, 62, 63, 66, 67, 68, 70, 71, 72, 73, 74, 77, 78, 79, 80, 83, 84, 85, 89, 90, 91, 92, 93, 95, 96, 100, 101, 103, 104, 105, 106, 108, 109, 111, 112, 113, 114, 115, 116, 117, 118, 119, 122, 123, 124, 125, 127, 138, 139, 140, 142, 143, 144, 145, 147, 149, 150, 151, 153, 154, 155, 156, 157, 158, 159, 160, 161, 162, 163, 164, 165, 166, 168, 169, 170, 171, 172, 173, 174, 176, 177, 178, 179, 180, 182, 183, 184, 185, 186, 187, 188, 189, 193, 194, 195, 196, 197, 198, 199, 200, 201, 202, 204, 205, 206, 208, 210, 211, 212, 213, 214, 216, 217, 219, 220, 221, 223, 224, 225, 226, 227, 228, 229, 230, 231, 232, 233, 234, 235, 236, 237, 239, 245, 246, 247, 248, 249, 251, 253, 256, 257, 258, 259, 262, 264, 265], "summary": {"covered_lines": 187, "num_statements": 187, "percent_covered": 100.0, "percent_covered_display": "100", "missing_lines": 0, "excluded_lines": 0, "percent_statements_covered": 100.0, "percent_statements_covered_display": "100"}, "missing_lines": [], "excluded_lines": [], "functions": {"clean_and_format_op": {"executed_lines": [19, 20, 21, 22, 23, 24, 25, 26, 27, 28, 29, 30], "summary": {"covered_lines": 12, "num_statements": 12, "percent_covered": 100.0, "percent_covered_display": "100", "missing_lines": 0, "excluded_lines": 0, "percent_statements_covered": 100.0, "percent_statements_covered_display": "100"}, "missing_lines": [], "excluded_lines": [], "start_line": 13}, "get_with_retry": {"executed_lines": [37, 38, 39, 40, 41, 42, 43, 44, 45, 46, 47, 48], "summary": {"covered_lines": 12, "num_statements": 12, "percent_covered": 100.0, "percent_covered_display": "100", "missing_lines": 0, "excluded_lines": 0, "percent_statements_covered": 100.0, "percent_statements_covered_display": "100"}, "missing_lines": [], "excluded_lines": [], "start_line": 32}, "crawl_stock": {"executed_lines": [51, 53, 54, 55, 56, 57, 59, 62, 63, 66, 67, 68, 70, 71, 72, 73, 74, 77, 78, 79, 80, 83, 84, 85, 89, 90, 91, 92, 93, 95, 96, 100, 101, 103, 104, 105, 106, 108, 109, 111, 112, 113, 114, 115, 116, 117, 118, 119, 122, 123, 124, 125, 127, 138, 139, 140], "summary": {"covered_lines": 56, "num_statements": 56, "percent_covered": 100.0, "percent_covered_display": "100", "missing_lines": 0, "excluded_lines": 0, "percent_statements_covered": 100.0, "percent_statements_covered_display": "100"}, "missing_lines": [], "excluded_lines": [], "start_line": 50}, "write_github_summary": {"executed_lines": [143, 144, 145, 147, 149, 150, 151, 153, 154, 155, 156, 157, 158, 159, 160, 161, 162, 163, 164, 165, 166, 168, 169, 170, 171, 172, 173, 174, 176, 177, 178, 179, 180], "summary": {"covered_lines": 33, "num_statements": 33, "percent_covered": 100.0, "percent_covered_display": "100", "missing_lines": 0, "excluded_lines": 0, "percent_statements_covered": 100.0, "percent_statements_covered_display": "100"}, "missing_lines": [], "excluded_lines": [], "start_line": 142}, "load_existing_stocks": {"executed_lines": [183, 184, 185, 186, 187, 188, 189, 193, 194, 195, 196, 197, 198, 199, 200, 201, 202, 204, 205, 206, 208], "summary": {"covered_lines": 21, "num_statements": 21, "percent_covered": 100.0, "percent_covered_display": "100", "missing_lines": 0, "excluded_lines": 0, "percent_statements_covered": 100.0, "percent_statements_covered_display": "100"}, "missing_lines": [], "excluded_lines": [], "start_line": 182}, "main": {"executed_lines": [211, 212, 213, 214, 216, 217, 219, 220, 221, 223, 224, 225, 226, 227, 228, 229, 230, 231, 232, 233, 234, 235, 236, 237, 239, 245, 246, 247, 248, 249, 251, 253, 256, 257, 258, 259, 262], "summary": {"covered_lines": 37, "num_statements": 37, "percent_covered": 100.0, "percent_covered_display": "100", "missing_lines": 0, "excluded_lines": 0, "percent_statements_covered": 100.0, "percent_statements_covered_display": "100"}, "missing_lines": [], "excluded_lines": [], "start_line": 210}, "": {"executed_lines": [1, 2, 3, 4, 5, 6, 7, 9, 13, 32, 50, 142, 182, 210, 264, 265], "summary": {"covered_lines": 16, "num_statements": 16, "percent_covered": 100.0, "percent_covered_display": "100", "missing_lines": 0, "excluded_lines": 0, "percent_statements_covered": 100.0, "percent_statements_covered_display": "100"}, "missing_lines": [], "excluded_lines": [], "start_line": 1}}, "classes": {"": {"executed_lines": [1, 2, 3, 4, 5, 6, 7, 9, 13, 19, 20, 21, 22, 23, 24, 25, 26, 27, 28, 29, 30, 32, 37, 38, 39, 40, 41, 42, 43, 44, 45, 46, 47, 48, 50, 51, 53, 54, 55, 56, 57, 59, 62, 63, 66, 67, 68, 70, 71, 72, 73, 74, 77, 78, 79, 80, 83, 84, 85, 89, 90, 91, 92, 93, 95, 96, 100, 101, 103, 104, 105, 106, 108, 109, 111, 112, 113, 114, 115, 116, 117, 118, 119, 122, 123, 124, 125, 127, 138, 139, 140, 142, 143, 144, 145, 147, 149, 150, 151, 153, 154, 155, 156, 157, 158, 159, 160, 161, 162, 163, 164, 165, 166, 168, 169, 170, 171, 172, 173, 174, 176, 177, 178, 179, 180, 182, 183, 184, 185, 186, 187, 188, 189, 193, 194, 195, 196, 197, 198, 199, 200, 201, 202, 204, 205, 206, 208, 210, 211, 212, 213, 214, 216, 217, 219, 220, 221, 223, 224, 225, 226, 227, 228, 229, 230, 231, 232, 233, 234, 235, 236, 237, 239, 245, 246, 247, 248, 249, 251, 253, 256, 257, 258, 259, 262, 264, 265], "summary": {"covered_lines": 187, "num_statements": 187, "percent_covered": 100.0, "percent_covered_display": "100", "missing_lines": 0, "excluded_lines": 0, "percent_statements_covered": 100.0, "percent_statements_covered_display": "100"}, "missing_lines": [], "excluded_lines": [], "start_line": 1}}}}, "totals": {"covered_lines": 187, "num_statements": 187, "percent_covered": 100.0, "percent_covered_display": "100", "missing_lines": 0, "excluded_lines": 0, "percent_statements_covered": 100.0, "percent_statements_covered_display": "100"}}